<?xml version="1.0" encoding="UTF-8"?>
<!-- Generated by org.testng.reporters.JUnitReportReporter -->
<testsuite hostname="samir-pc3" name="com.appium.maven.mobile.hybrid.SampleTest" tests="1" failures="0" timestamp="24 Jan 2019 10:18:29 GMT" time="28.510" errors="0">
  <testcase name="testApp" time="28.510" classname="com.appium.maven.mobile.hybrid.SampleTest"/>
</testsuite> <!-- com.appium.maven.mobile.hybrid.SampleTest -->
